<?xml version="1.0" encoding="UTF-8"?>
<!-- Generated by org.testng.reporters.JUnitReportReporter -->
<testsuite hostname="Divyanshi" failures="0" tests="4" name="Day1.HTTPRequests" time="4.976" errors="0" timestamp="2026-05-24T14:12:33 IST" skipped="0">
  <testcase classname="Day1.HTTPRequests" name="getPost" time="2.559"/>
  <testcase classname="Day1.HTTPRequests" name="createPost" time="0.997"/>
  <testcase classname="Day1.HTTPRequests" name="updatePost" time="0.882"/>
  <testcase classname="Day1.HTTPRequests" name="deletePost" time="0.538"/>
</testsuite> <!-- Day1.HTTPRequests -->
