<?xml version="1.0" encoding="UTF-8"?>
<testng-results ignored="0" total="1" passed="1" failed="0" skipped="0">
  <reporter-output>
  </reporter-output>
  <suite started-at="2026-05-30T09:31:20 IST" name="Default suite" finished-at="2026-05-30T09:31:22 IST" duration-ms="2682">
    <groups>
    </groups>
    <test started-at="2026-05-30T09:31:20 IST" name="Default test" finished-at="2026-05-30T09:31:22 IST" duration-ms="2682">
      <class name="day3.LoggingDemo">
        <test-method signature="testLogs()[pri:0, instance:day3.LoggingDemo@1cf6d1be]" started-at="2026-05-30T09:31:20 IST" name="testLogs" finished-at="2026-05-30T09:31:22 IST" duration-ms="2645" status="PASS">
          <reporter-output>
          </reporter-output>
        </test-method> <!-- testLogs -->
      </class> <!-- day3.LoggingDemo -->
    </test> <!-- Default test -->
  </suite> <!-- Default suite -->
</testng-results>
